2018-03-10 16:36:07,187 - Log4JLogChute initialized using file 'velocity.log'
2018-03-10 16:36:07,187 - Initializing Velocity, Calling init()...
2018-03-10 16:36:07,187 - Starting Apache Velocity v1.7 (compiled: 2010-11-19 12:14:37)
2018-03-10 16:36:07,187 - Default Properties File: org\apache\velocity\runtime\defaults\velocity.properties
2018-03-10 16:36:07,187 - Trying to use logger class org.apache.velocity.runtime.log.AvalonLogChute
2018-03-10 16:36:07,187 - Target log system for org.apache.velocity.runtime.log.AvalonLogChute is not available (java.lang.NoClassDefFoundError: org/apache/log/format/Formatter).  Falling back to next log system...
2018-03-10 16:36:07,187 - Trying to use logger class org.apache.velocity.runtime.log.Log4JLogChute
2018-03-10 16:36:07,187 - Using logger class org.apache.velocity.runtime.log.Log4JLogChute
2018-03-10 16:36:07,203 - ResourceLoader instantiated: org.apache.velocity.runtime.resource.loader.ClasspathResourceLoader
2018-03-10 16:36:07,218 - ResourceCache: initialized (class org.apache.velocity.runtime.resource.ResourceCacheImpl) with class java.util.Collections$SynchronizedMap cache map.
2018-03-10 16:36:07,218 - Loaded System Directive: org.apache.velocity.runtime.directive.Stop
2018-03-10 16:36:07,218 - Loaded System Directive: org.apache.velocity.runtime.directive.Define
2018-03-10 16:36:07,218 - Loaded System Directive: org.apache.velocity.runtime.directive.Break
2018-03-10 16:36:07,218 - Loaded System Directive: org.apache.velocity.runtime.directive.Evaluate
2018-03-10 16:36:07,218 - Loaded System Directive: org.apache.velocity.runtime.directive.Literal
2018-03-10 16:36:07,218 - Loaded System Directive: org.apache.velocity.runtime.directive.Macro
2018-03-10 16:36:07,234 - Loaded System Directive: org.apache.velocity.runtime.directive.Parse
2018-03-10 16:36:07,234 - Loaded System Directive: org.apache.velocity.runtime.directive.Include
2018-03-10 16:36:07,234 - Loaded System Directive: org.apache.velocity.runtime.directive.Foreach
2018-03-10 16:36:07,281 - Created '20' parsers.
2018-03-10 16:36:07,281 - Velocimacro : "velocimacro.library" is not set.  Trying default library: VM_global_library.vm
2018-03-10 16:36:07,281 - Could not load resource 'VM_global_library.vm' from ResourceLoader org.apache.velocity.runtime.resource.loader.ClasspathResourceLoader: ClasspathResourceLoader Error: cannot find resource VM_global_library.vm
2018-03-10 16:36:07,281 - Velocimacro : Default library not found.
2018-03-10 16:36:07,281 - Velocimacro : allowInline = true : VMs can be defined inline in templates
2018-03-10 16:36:07,281 - Velocimacro : allowInlineToOverride = false : VMs defined inline may NOT replace previous VM definitions
2018-03-10 16:36:07,281 - Velocimacro : allowInlineLocal = false : VMs defined inline will be global in scope if allowed.
2018-03-10 16:36:07,281 - Velocimacro : autoload off : VM system will not automatically reload global library macros
2018-03-10 16:38:26,001 - Log4JLogChute initialized using file 'velocity.log'
2018-03-10 16:38:26,002 - Initializing Velocity, Calling init()...
2018-03-10 16:38:26,002 - Starting Apache Velocity v1.7 (compiled: 2010-11-19 12:14:37)
2018-03-10 16:38:26,002 - Default Properties File: org\apache\velocity\runtime\defaults\velocity.properties
2018-03-10 16:38:26,002 - Trying to use logger class org.apache.velocity.runtime.log.AvalonLogChute
2018-03-10 16:38:26,002 - Target log system for org.apache.velocity.runtime.log.AvalonLogChute is not available (java.lang.NoClassDefFoundError: org/apache/log/format/Formatter).  Falling back to next log system...
2018-03-10 16:38:26,002 - Trying to use logger class org.apache.velocity.runtime.log.Log4JLogChute
2018-03-10 16:38:26,002 - Using logger class org.apache.velocity.runtime.log.Log4JLogChute
2018-03-10 16:38:26,009 - ResourceLoader instantiated: org.apache.velocity.runtime.resource.loader.ClasspathResourceLoader
2018-03-10 16:38:26,031 - ResourceCache: initialized (class org.apache.velocity.runtime.resource.ResourceCacheImpl) with class java.util.Collections$SynchronizedMap cache map.
2018-03-10 16:38:26,031 - Loaded System Directive: org.apache.velocity.runtime.directive.Stop
2018-03-10 16:38:26,031 - Loaded System Directive: org.apache.velocity.runtime.directive.Define
2018-03-10 16:38:26,031 - Loaded System Directive: org.apache.velocity.runtime.directive.Break
2018-03-10 16:38:26,046 - Loaded System Directive: org.apache.velocity.runtime.directive.Evaluate
2018-03-10 16:38:26,046 - Loaded System Directive: org.apache.velocity.runtime.directive.Literal
2018-03-10 16:38:26,046 - Loaded System Directive: org.apache.velocity.runtime.directive.Macro
2018-03-10 16:38:26,046 - Loaded System Directive: org.apache.velocity.runtime.directive.Parse
2018-03-10 16:38:26,046 - Loaded System Directive: org.apache.velocity.runtime.directive.Include
2018-03-10 16:38:26,046 - Loaded System Directive: org.apache.velocity.runtime.directive.Foreach
2018-03-10 16:38:26,093 - Created '20' parsers.
2018-03-10 16:38:26,109 - Velocimacro : "velocimacro.library" is not set.  Trying default library: VM_global_library.vm
2018-03-10 16:38:26,109 - Could not load resource 'VM_global_library.vm' from ResourceLoader org.apache.velocity.runtime.resource.loader.ClasspathResourceLoader: ClasspathResourceLoader Error: cannot find resource VM_global_library.vm
2018-03-10 16:38:26,109 - Velocimacro : Default library not found.
2018-03-10 16:38:26,109 - Velocimacro : allowInline = true : VMs can be defined inline in templates
2018-03-10 16:38:26,109 - Velocimacro : allowInlineToOverride = false : VMs defined inline may NOT replace previous VM definitions
2018-03-10 16:38:26,109 - Velocimacro : allowInlineLocal = false : VMs defined inline will be global in scope if allowed.
2018-03-10 16:38:26,109 - Velocimacro : autoload off : VM system will not automatically reload global library macros
2018-03-10 16:38:27,777 - ResourceManager : found templates/entity/Abstract.java.vm with loader org.apache.velocity.runtime.resource.loader.ClasspathResourceLoader
2018-03-10 16:38:27,777 - ResourceManager : found templates/entity/Entity.java.vm with loader org.apache.velocity.runtime.resource.loader.ClasspathResourceLoader
2018-03-10 16:38:27,809 - ResourceManager : found templates/service/Service.java.vm with loader org.apache.velocity.runtime.resource.loader.ClasspathResourceLoader
2018-03-10 16:38:27,809 - ResourceManager : found templates/springmvc/Controller.java.vm with loader org.apache.velocity.runtime.resource.loader.ClasspathResourceLoader
2018-03-10 16:38:27,809 - ResourceManager : found templates/mybatis/Dao.java.vm with loader org.apache.velocity.runtime.resource.loader.ClasspathResourceLoader
2018-03-10 16:38:27,855 - ResourceManager : found templates/mybatis/Abstract.mapper.xml.vm with loader org.apache.velocity.runtime.resource.loader.ClasspathResourceLoader
2018-03-10 16:38:27,855 - ResourceManager : found templates/mybatis/Entity.mapper.xml.vm with loader org.apache.velocity.runtime.resource.loader.ClasspathResourceLoader
2018-03-10 16:38:27,871 - Null reference [template 'templates/mybatis/Abstract.mapper.xml.vm', line 77, column 31] : ${field} cannot be resolved.
2018-03-10 16:38:27,871 - ResourceManager : found templates/web/page.html.vm with loader org.apache.velocity.runtime.resource.loader.ClasspathResourceLoader
2018-03-10 16:38:27,871 - ResourceManager : found templates/web/js/index.js.vm with loader org.apache.velocity.runtime.resource.loader.ClasspathResourceLoader
2018-03-10 16:38:27,887 - ResourceManager : found templates/sql/oracle/create.sql.vm with loader org.apache.velocity.runtime.resource.loader.ClasspathResourceLoader
2018-03-10 16:38:27,887 - ResourceManager : found templates/sql/oracle/init-data.sql.vm with loader org.apache.velocity.runtime.resource.loader.ClasspathResourceLoader
2018-03-10 16:38:27,887 - ResourceManager : found templates/test/TestCase.java.vm with loader org.apache.velocity.runtime.resource.loader.ClasspathResourceLoader
2018-03-10 18:14:30,028 - Log4JLogChute initialized using file 'velocity.log'
2018-03-10 18:14:30,028 - Initializing Velocity, Calling init()...
2018-03-10 18:14:30,028 - Starting Apache Velocity v1.7 (compiled: 2010-11-19 12:14:37)
2018-03-10 18:14:30,028 - Default Properties File: org\apache\velocity\runtime\defaults\velocity.properties
2018-03-10 18:14:30,028 - Trying to use logger class org.apache.velocity.runtime.log.AvalonLogChute
2018-03-10 18:14:30,028 - Target log system for org.apache.velocity.runtime.log.AvalonLogChute is not available (java.lang.NoClassDefFoundError: org/apache/log/format/Formatter).  Falling back to next log system...
2018-03-10 18:14:30,028 - Trying to use logger class org.apache.velocity.runtime.log.Log4JLogChute
2018-03-10 18:14:30,028 - Using logger class org.apache.velocity.runtime.log.Log4JLogChute
2018-03-10 18:14:30,028 - ResourceLoader instantiated: org.apache.velocity.runtime.resource.loader.ClasspathResourceLoader
2018-03-10 18:14:30,059 - ResourceCache: initialized (class org.apache.velocity.runtime.resource.ResourceCacheImpl) with class java.util.Collections$SynchronizedMap cache map.
2018-03-10 18:14:30,059 - Loaded System Directive: org.apache.velocity.runtime.directive.Stop
2018-03-10 18:14:30,059 - Loaded System Directive: org.apache.velocity.runtime.directive.Define
2018-03-10 18:14:30,059 - Loaded System Directive: org.apache.velocity.runtime.directive.Break
2018-03-10 18:14:30,059 - Loaded System Directive: org.apache.velocity.runtime.directive.Evaluate
2018-03-10 18:14:30,059 - Loaded System Directive: org.apache.velocity.runtime.directive.Literal
2018-03-10 18:14:30,075 - Loaded System Directive: org.apache.velocity.runtime.directive.Macro
2018-03-10 18:14:30,075 - Loaded System Directive: org.apache.velocity.runtime.directive.Parse
2018-03-10 18:14:30,075 - Loaded System Directive: org.apache.velocity.runtime.directive.Include
2018-03-10 18:14:30,075 - Loaded System Directive: org.apache.velocity.runtime.directive.Foreach
2018-03-10 18:14:30,090 - Log4JLogChute initialized using file 'velocity.log'
2018-03-10 18:14:30,090 - Initializing Velocity, Calling init()...
2018-03-10 18:14:30,090 - Starting Apache Velocity v1.7 (compiled: 2010-11-19 12:14:37)
2018-03-10 18:14:30,090 - Default Properties File: org\apache\velocity\runtime\defaults\velocity.properties
2018-03-10 18:14:30,090 - Trying to use logger class org.apache.velocity.runtime.log.AvalonLogChute
2018-03-10 18:14:30,090 - Target log system for org.apache.velocity.runtime.log.AvalonLogChute is not available (java.lang.NoClassDefFoundError: org/apache/log/format/Formatter).  Falling back to next log system...
2018-03-10 18:14:30,090 - Trying to use logger class org.apache.velocity.runtime.log.Log4JLogChute
2018-03-10 18:14:30,090 - Using logger class org.apache.velocity.runtime.log.Log4JLogChute
2018-03-10 18:14:30,106 - ResourceLoader instantiated: org.apache.velocity.runtime.resource.loader.ClasspathResourceLoader
2018-03-10 18:14:30,121 - ResourceCache: initialized (class org.apache.velocity.runtime.resource.ResourceCacheImpl) with class java.util.Collections$SynchronizedMap cache map.
2018-03-10 18:14:30,121 - Loaded System Directive: org.apache.velocity.runtime.directive.Stop
2018-03-10 18:14:30,121 - Loaded System Directive: org.apache.velocity.runtime.directive.Define
2018-03-10 18:14:30,121 - Created '20' parsers.
2018-03-10 18:14:30,137 - Loaded System Directive: org.apache.velocity.runtime.directive.Break
2018-03-10 18:14:30,137 - Loaded System Directive: org.apache.velocity.runtime.directive.Evaluate
2018-03-10 18:14:30,137 - Loaded System Directive: org.apache.velocity.runtime.directive.Literal
2018-03-10 18:14:30,137 - Loaded System Directive: org.apache.velocity.runtime.directive.Macro
2018-03-10 18:14:30,137 - Loaded System Directive: org.apache.velocity.runtime.directive.Parse
2018-03-10 18:14:30,137 - Loaded System Directive: org.apache.velocity.runtime.directive.Include
2018-03-10 18:14:30,137 - Loaded System Directive: org.apache.velocity.runtime.directive.Foreach
2018-03-10 18:14:30,137 - Velocimacro : "velocimacro.library" is not set.  Trying default library: VM_global_library.vm
2018-03-10 18:14:30,137 - Could not load resource 'VM_global_library.vm' from ResourceLoader org.apache.velocity.runtime.resource.loader.ClasspathResourceLoader: ClasspathResourceLoader Error: cannot find resource VM_global_library.vm
2018-03-10 18:14:30,137 - Velocimacro : Default library not found.
2018-03-10 18:14:30,137 - Velocimacro : allowInline = true : VMs can be defined inline in templates
2018-03-10 18:14:30,137 - Velocimacro : allowInlineToOverride = false : VMs defined inline may NOT replace previous VM definitions
2018-03-10 18:14:30,137 - Velocimacro : allowInlineLocal = false : VMs defined inline will be global in scope if allowed.
2018-03-10 18:14:30,137 - Velocimacro : autoload off : VM system will not automatically reload global library macros
2018-03-10 18:14:30,184 - Created '20' parsers.
2018-03-10 18:14:30,200 - Velocimacro : "velocimacro.library" is not set.  Trying default library: VM_global_library.vm
2018-03-10 18:14:30,200 - Could not load resource 'VM_global_library.vm' from ResourceLoader org.apache.velocity.runtime.resource.loader.ClasspathResourceLoader: ClasspathResourceLoader Error: cannot find resource VM_global_library.vm
2018-03-10 18:14:30,200 - Velocimacro : Default library not found.
2018-03-10 18:14:30,200 - Velocimacro : allowInline = true : VMs can be defined inline in templates
2018-03-10 18:14:30,200 - Velocimacro : allowInlineToOverride = false : VMs defined inline may NOT replace previous VM definitions
2018-03-10 18:14:30,200 - Velocimacro : allowInlineLocal = false : VMs defined inline will be global in scope if allowed.
2018-03-10 18:14:30,200 - Velocimacro : autoload off : VM system will not automatically reload global library macros
2018-03-10 18:14:32,337 - ResourceManager : found templates/entity/Abstract.java.vm with loader org.apache.velocity.runtime.resource.loader.ClasspathResourceLoader
2018-03-10 18:14:32,337 - ResourceManager : found templates/entity/Entity.java.vm with loader org.apache.velocity.runtime.resource.loader.ClasspathResourceLoader
2018-03-10 18:14:32,337 - ResourceManager : found templates/entity/Abstract.java.vm with loader org.apache.velocity.runtime.resource.loader.ClasspathResourceLoader
2018-03-10 18:14:32,337 - ResourceManager : found templates/service/Service.java.vm with loader org.apache.velocity.runtime.resource.loader.ClasspathResourceLoader
2018-03-10 18:14:32,337 - ResourceManager : found templates/entity/Entity.java.vm with loader org.apache.velocity.runtime.resource.loader.ClasspathResourceLoader
2018-03-10 18:14:32,352 - ResourceManager : found templates/service/Service.java.vm with loader org.apache.velocity.runtime.resource.loader.ClasspathResourceLoader
2018-03-10 18:14:32,352 - ResourceManager : found templates/springmvc/Controller.java.vm with loader org.apache.velocity.runtime.resource.loader.ClasspathResourceLoader
2018-03-10 18:14:32,352 - ResourceManager : found templates/springmvc/Controller.java.vm with loader org.apache.velocity.runtime.resource.loader.ClasspathResourceLoader
2018-03-10 18:14:32,368 - ResourceManager : found templates/mybatis/Dao.java.vm with loader org.apache.velocity.runtime.resource.loader.ClasspathResourceLoader
2018-03-10 18:14:32,384 - ResourceManager : found templates/mybatis/Dao.java.vm with loader org.apache.velocity.runtime.resource.loader.ClasspathResourceLoader
2018-03-10 18:14:32,431 - ResourceManager : found templates/mybatis/Abstract.mapper.xml.vm with loader org.apache.velocity.runtime.resource.loader.ClasspathResourceLoader
2018-03-10 18:14:32,431 - ResourceManager : found templates/mybatis/Entity.mapper.xml.vm with loader org.apache.velocity.runtime.resource.loader.ClasspathResourceLoader
2018-03-10 18:14:32,431 - ResourceManager : found templates/mybatis/Abstract.mapper.xml.vm with loader org.apache.velocity.runtime.resource.loader.ClasspathResourceLoader
2018-03-10 18:14:32,431 - ResourceManager : found templates/mybatis/Entity.mapper.xml.vm with loader org.apache.velocity.runtime.resource.loader.ClasspathResourceLoader
2018-03-10 18:14:32,477 - Null reference [template 'templates/mybatis/Abstract.mapper.xml.vm', line 77, column 31] : ${field} cannot be resolved.
2018-03-10 18:14:32,493 - ResourceManager : found templates/web/page.html.vm with loader org.apache.velocity.runtime.resource.loader.ClasspathResourceLoader
2018-03-10 18:14:32,493 - ResourceManager : found templates/web/js/index.js.vm with loader org.apache.velocity.runtime.resource.loader.ClasspathResourceLoader
2018-03-10 18:14:32,493 - Null reference [template 'templates/mybatis/Abstract.mapper.xml.vm', line 77, column 31] : ${field} cannot be resolved.
2018-03-10 18:14:32,493 - ResourceManager : found templates/sql/oracle/create.sql.vm with loader org.apache.velocity.runtime.resource.loader.ClasspathResourceLoader
2018-03-10 18:14:32,493 - ResourceManager : found templates/sql/oracle/init-data.sql.vm with loader org.apache.velocity.runtime.resource.loader.ClasspathResourceLoader
2018-03-10 18:14:32,493 - ResourceManager : found templates/web/page.html.vm with loader org.apache.velocity.runtime.resource.loader.ClasspathResourceLoader
2018-03-10 18:14:32,493 - ResourceManager : found templates/web/js/index.js.vm with loader org.apache.velocity.runtime.resource.loader.ClasspathResourceLoader
2018-03-10 18:14:32,509 - ResourceManager : found templates/sql/oracle/create.sql.vm with loader org.apache.velocity.runtime.resource.loader.ClasspathResourceLoader
2018-03-10 18:14:32,509 - ResourceManager : found templates/sql/oracle/init-data.sql.vm with loader org.apache.velocity.runtime.resource.loader.ClasspathResourceLoader
2018-03-10 18:14:32,509 - ResourceManager : found templates/test/TestCase.java.vm with loader org.apache.velocity.runtime.resource.loader.ClasspathResourceLoader
2018-03-10 18:14:32,524 - ResourceManager : found templates/test/TestCase.java.vm with loader org.apache.velocity.runtime.resource.loader.ClasspathResourceLoader
2018-03-10 18:15:25,447 - Log4JLogChute initialized using file 'velocity.log'
2018-03-10 18:15:25,447 - Initializing Velocity, Calling init()...
2018-03-10 18:15:25,447 - Starting Apache Velocity v1.7 (compiled: 2010-11-19 12:14:37)
2018-03-10 18:15:25,447 - Default Properties File: org\apache\velocity\runtime\defaults\velocity.properties
2018-03-10 18:15:25,447 - Trying to use logger class org.apache.velocity.runtime.log.AvalonLogChute
2018-03-10 18:15:25,447 - Target log system for org.apache.velocity.runtime.log.AvalonLogChute is not available (java.lang.NoClassDefFoundError: org/apache/log/format/Formatter).  Falling back to next log system...
2018-03-10 18:15:25,447 - Trying to use logger class org.apache.velocity.runtime.log.Log4JLogChute
2018-03-10 18:15:25,447 - Using logger class org.apache.velocity.runtime.log.Log4JLogChute
2018-03-10 18:15:25,447 - ResourceLoader instantiated: org.apache.velocity.runtime.resource.loader.ClasspathResourceLoader
2018-03-10 18:15:25,462 - ResourceCache: initialized (class org.apache.velocity.runtime.resource.ResourceCacheImpl) with class java.util.Collections$SynchronizedMap cache map.
2018-03-10 18:15:25,462 - Loaded System Directive: org.apache.velocity.runtime.directive.Stop
2018-03-10 18:15:25,462 - Loaded System Directive: org.apache.velocity.runtime.directive.Define
2018-03-10 18:15:25,462 - Loaded System Directive: org.apache.velocity.runtime.directive.Break
2018-03-10 18:15:25,478 - Loaded System Directive: org.apache.velocity.runtime.directive.Evaluate
2018-03-10 18:15:25,478 - Loaded System Directive: org.apache.velocity.runtime.directive.Literal
2018-03-10 18:15:25,478 - Loaded System Directive: org.apache.velocity.runtime.directive.Macro
2018-03-10 18:15:25,478 - Loaded System Directive: org.apache.velocity.runtime.directive.Parse
2018-03-10 18:15:25,478 - Loaded System Directive: org.apache.velocity.runtime.directive.Include
2018-03-10 18:15:25,478 - Loaded System Directive: org.apache.velocity.runtime.directive.Foreach
2018-03-10 18:15:25,525 - Created '20' parsers.
2018-03-10 18:15:25,541 - Velocimacro : "velocimacro.library" is not set.  Trying default library: VM_global_library.vm
2018-03-10 18:15:25,541 - Could not load resource 'VM_global_library.vm' from ResourceLoader org.apache.velocity.runtime.resource.loader.ClasspathResourceLoader: ClasspathResourceLoader Error: cannot find resource VM_global_library.vm
2018-03-10 18:15:25,541 - Velocimacro : Default library not found.
2018-03-10 18:15:25,541 - Velocimacro : allowInline = true : VMs can be defined inline in templates
2018-03-10 18:15:25,541 - Velocimacro : allowInlineToOverride = false : VMs defined inline may NOT replace previous VM definitions
2018-03-10 18:15:25,541 - Velocimacro : allowInlineLocal = false : VMs defined inline will be global in scope if allowed.
2018-03-10 18:15:25,541 - Velocimacro : autoload off : VM system will not automatically reload global library macros
2018-03-10 18:24:05,190 - Log4JLogChute initialized using file 'velocity.log'
2018-03-10 18:24:05,190 - Initializing Velocity, Calling init()...
2018-03-10 18:24:05,190 - Starting Apache Velocity v1.7 (compiled: 2010-11-19 12:14:37)
2018-03-10 18:24:05,190 - Default Properties File: org\apache\velocity\runtime\defaults\velocity.properties
2018-03-10 18:24:05,190 - Trying to use logger class org.apache.velocity.runtime.log.AvalonLogChute
2018-03-10 18:24:05,190 - Target log system for org.apache.velocity.runtime.log.AvalonLogChute is not available (java.lang.NoClassDefFoundError: org/apache/log/format/Formatter).  Falling back to next log system...
2018-03-10 18:24:05,190 - Trying to use logger class org.apache.velocity.runtime.log.Log4JLogChute
2018-03-10 18:24:05,190 - Using logger class org.apache.velocity.runtime.log.Log4JLogChute
2018-03-10 18:24:05,190 - ResourceLoader instantiated: org.apache.velocity.runtime.resource.loader.ClasspathResourceLoader
2018-03-10 18:24:05,221 - ResourceCache: initialized (class org.apache.velocity.runtime.resource.ResourceCacheImpl) with class java.util.Collections$SynchronizedMap cache map.
2018-03-10 18:24:05,221 - Loaded System Directive: org.apache.velocity.runtime.directive.Stop
2018-03-10 18:24:05,237 - Loaded System Directive: org.apache.velocity.runtime.directive.Define
2018-03-10 18:24:05,237 - Loaded System Directive: org.apache.velocity.runtime.directive.Break
2018-03-10 18:24:05,252 - Loaded System Directive: org.apache.velocity.runtime.directive.Evaluate
2018-03-10 18:24:05,252 - Loaded System Directive: org.apache.velocity.runtime.directive.Literal
2018-03-10 18:24:05,252 - Loaded System Directive: org.apache.velocity.runtime.directive.Macro
2018-03-10 18:24:05,252 - Loaded System Directive: org.apache.velocity.runtime.directive.Parse
2018-03-10 18:24:05,252 - Loaded System Directive: org.apache.velocity.runtime.directive.Include
2018-03-10 18:24:05,252 - Loaded System Directive: org.apache.velocity.runtime.directive.Foreach
2018-03-10 18:24:05,315 - Created '20' parsers.
2018-03-10 18:24:05,330 - Velocimacro : "velocimacro.library" is not set.  Trying default library: VM_global_library.vm
2018-03-10 18:24:05,330 - Could not load resource 'VM_global_library.vm' from ResourceLoader org.apache.velocity.runtime.resource.loader.ClasspathResourceLoader: ClasspathResourceLoader Error: cannot find resource VM_global_library.vm
2018-03-10 18:24:05,330 - Velocimacro : Default library not found.
2018-03-10 18:24:05,330 - Velocimacro : allowInline = true : VMs can be defined inline in templates
2018-03-10 18:24:05,330 - Velocimacro : allowInlineToOverride = false : VMs defined inline may NOT replace previous VM definitions
2018-03-10 18:24:05,330 - Velocimacro : allowInlineLocal = false : VMs defined inline will be global in scope if allowed.
2018-03-10 18:24:05,330 - Velocimacro : autoload off : VM system will not automatically reload global library macros
2018-03-10 18:24:06,252 - Log4JLogChute initialized using file 'velocity.log'
2018-03-10 18:24:06,252 - Initializing Velocity, Calling init()...
2018-03-10 18:24:06,252 - Starting Apache Velocity v1.7 (compiled: 2010-11-19 12:14:37)
2018-03-10 18:24:06,252 - Default Properties File: org\apache\velocity\runtime\defaults\velocity.properties
2018-03-10 18:24:06,252 - Trying to use logger class org.apache.velocity.runtime.log.AvalonLogChute
2018-03-10 18:24:06,252 - Target log system for org.apache.velocity.runtime.log.AvalonLogChute is not available (java.lang.NoClassDefFoundError: org/apache/log/format/Formatter).  Falling back to next log system...
2018-03-10 18:24:06,252 - Trying to use logger class org.apache.velocity.runtime.log.Log4JLogChute
2018-03-10 18:24:06,252 - Using logger class org.apache.velocity.runtime.log.Log4JLogChute
2018-03-10 18:24:06,252 - ResourceLoader instantiated: org.apache.velocity.runtime.resource.loader.ClasspathResourceLoader
2018-03-10 18:24:06,284 - ResourceCache: initialized (class org.apache.velocity.runtime.resource.ResourceCacheImpl) with class java.util.Collections$SynchronizedMap cache map.
2018-03-10 18:24:06,299 - Loaded System Directive: org.apache.velocity.runtime.directive.Stop
2018-03-10 18:24:06,299 - Loaded System Directive: org.apache.velocity.runtime.directive.Define
2018-03-10 18:24:06,299 - Loaded System Directive: org.apache.velocity.runtime.directive.Break
2018-03-10 18:24:06,299 - Loaded System Directive: org.apache.velocity.runtime.directive.Evaluate
2018-03-10 18:24:06,299 - Loaded System Directive: org.apache.velocity.runtime.directive.Literal
2018-03-10 18:24:06,299 - Loaded System Directive: org.apache.velocity.runtime.directive.Macro
2018-03-10 18:24:06,299 - Loaded System Directive: org.apache.velocity.runtime.directive.Parse
2018-03-10 18:24:06,299 - Loaded System Directive: org.apache.velocity.runtime.directive.Include
2018-03-10 18:24:06,315 - Loaded System Directive: org.apache.velocity.runtime.directive.Foreach
2018-03-10 18:24:06,352 - Created '20' parsers.
2018-03-10 18:24:06,368 - Velocimacro : "velocimacro.library" is not set.  Trying default library: VM_global_library.vm
2018-03-10 18:24:06,368 - Could not load resource 'VM_global_library.vm' from ResourceLoader org.apache.velocity.runtime.resource.loader.ClasspathResourceLoader: ClasspathResourceLoader Error: cannot find resource VM_global_library.vm
2018-03-10 18:24:06,368 - Velocimacro : Default library not found.
2018-03-10 18:24:06,368 - Velocimacro : allowInline = true : VMs can be defined inline in templates
2018-03-10 18:24:06,368 - Velocimacro : allowInlineToOverride = false : VMs defined inline may NOT replace previous VM definitions
2018-03-10 18:24:06,368 - Velocimacro : allowInlineLocal = false : VMs defined inline will be global in scope if allowed.
2018-03-10 18:24:06,368 - Velocimacro : autoload off : VM system will not automatically reload global library macros
2018-03-10 18:24:07,071 - ResourceManager : found templates/entity/Abstract.java.vm with loader org.apache.velocity.runtime.resource.loader.ClasspathResourceLoader
2018-03-10 18:24:07,071 - ResourceManager : found templates/entity/Entity.java.vm with loader org.apache.velocity.runtime.resource.loader.ClasspathResourceLoader
2018-03-10 18:24:07,103 - ResourceManager : found templates/service/Service.java.vm with loader org.apache.velocity.runtime.resource.loader.ClasspathResourceLoader
2018-03-10 18:24:07,134 - ResourceManager : found templates/mybatis/Dao.java.vm with loader org.apache.velocity.runtime.resource.loader.ClasspathResourceLoader
2018-03-10 18:24:07,165 - ResourceManager : found templates/mybatis/Abstract.mapper.xml.vm with loader org.apache.velocity.runtime.resource.loader.ClasspathResourceLoader
2018-03-10 18:24:07,181 - ResourceManager : found templates/mybatis/Entity.mapper.xml.vm with loader org.apache.velocity.runtime.resource.loader.ClasspathResourceLoader
2018-03-10 18:24:07,196 - Null reference [template 'templates/mybatis/Abstract.mapper.xml.vm', line 77, column 31] : ${field} cannot be resolved.
2018-03-10 18:24:07,196 - ResourceManager : found templates/sql/oracle/create.sql.vm with loader org.apache.velocity.runtime.resource.loader.ClasspathResourceLoader
2018-03-10 18:24:07,196 - ResourceManager : found templates/sql/oracle/init-data.sql.vm with loader org.apache.velocity.runtime.resource.loader.ClasspathResourceLoader
2018-03-10 18:24:07,290 - ResourceManager : found templates/test/TestCase.java.vm with loader org.apache.velocity.runtime.resource.loader.ClasspathResourceLoader
2018-03-10 18:24:08,001 - Log4JLogChute initialized using file 'velocity.log'
2018-03-10 18:24:08,001 - Initializing Velocity, Calling init()...
2018-03-10 18:24:08,001 - Starting Apache Velocity v1.7 (compiled: 2010-11-19 12:14:37)
2018-03-10 18:24:08,001 - Default Properties File: org\apache\velocity\runtime\defaults\velocity.properties
2018-03-10 18:24:08,001 - Trying to use logger class org.apache.velocity.runtime.log.AvalonLogChute
2018-03-10 18:24:08,001 - Target log system for org.apache.velocity.runtime.log.AvalonLogChute is not available (java.lang.NoClassDefFoundError: org/apache/log/format/Formatter).  Falling back to next log system...
2018-03-10 18:24:08,001 - Trying to use logger class org.apache.velocity.runtime.log.Log4JLogChute
2018-03-10 18:24:08,001 - Using logger class org.apache.velocity.runtime.log.Log4JLogChute
2018-03-10 18:24:08,001 - ResourceLoader instantiated: org.apache.velocity.runtime.resource.loader.ClasspathResourceLoader
2018-03-10 18:24:08,033 - ResourceCache: initialized (class org.apache.velocity.runtime.resource.ResourceCacheImpl) with class java.util.Collections$SynchronizedMap cache map.
2018-03-10 18:24:08,033 - Loaded System Directive: org.apache.velocity.runtime.directive.Stop
2018-03-10 18:24:08,033 - Loaded System Directive: org.apache.velocity.runtime.directive.Define
2018-03-10 18:24:08,033 - Loaded System Directive: org.apache.velocity.runtime.directive.Break
2018-03-10 18:24:08,033 - Loaded System Directive: org.apache.velocity.runtime.directive.Evaluate
2018-03-10 18:24:08,033 - Loaded System Directive: org.apache.velocity.runtime.directive.Literal
2018-03-10 18:24:08,033 - Loaded System Directive: org.apache.velocity.runtime.directive.Macro
2018-03-10 18:24:08,033 - Loaded System Directive: org.apache.velocity.runtime.directive.Parse
2018-03-10 18:24:08,048 - Loaded System Directive: org.apache.velocity.runtime.directive.Include
2018-03-10 18:24:08,048 - Loaded System Directive: org.apache.velocity.runtime.directive.Foreach
2018-03-10 18:24:08,080 - Created '20' parsers.
2018-03-10 18:24:08,080 - Velocimacro : "velocimacro.library" is not set.  Trying default library: VM_global_library.vm
2018-03-10 18:24:08,080 - Could not load resource 'VM_global_library.vm' from ResourceLoader org.apache.velocity.runtime.resource.loader.ClasspathResourceLoader: ClasspathResourceLoader Error: cannot find resource VM_global_library.vm
2018-03-10 18:24:08,080 - Velocimacro : Default library not found.
2018-03-10 18:24:08,080 - Velocimacro : allowInline = true : VMs can be defined inline in templates
2018-03-10 18:24:08,080 - Velocimacro : allowInlineToOverride = false : VMs defined inline may NOT replace previous VM definitions
2018-03-10 18:24:08,080 - Velocimacro : allowInlineLocal = false : VMs defined inline will be global in scope if allowed.
2018-03-10 18:24:08,080 - Velocimacro : autoload off : VM system will not automatically reload global library macros
2018-03-10 18:24:08,251 - ResourceManager : found templates/entity/Abstract.java.vm with loader org.apache.velocity.runtime.resource.loader.ClasspathResourceLoader
2018-03-10 18:24:08,267 - ResourceManager : found templates/entity/Entity.java.vm with loader org.apache.velocity.runtime.resource.loader.ClasspathResourceLoader
2018-03-10 18:24:08,283 - ResourceManager : found templates/service/Service.java.vm with loader org.apache.velocity.runtime.resource.loader.ClasspathResourceLoader
2018-03-10 18:24:08,298 - ResourceManager : found templates/mybatis/Dao.java.vm with loader org.apache.velocity.runtime.resource.loader.ClasspathResourceLoader
2018-03-10 18:24:08,345 - ResourceManager : found templates/mybatis/Abstract.mapper.xml.vm with loader org.apache.velocity.runtime.resource.loader.ClasspathResourceLoader
2018-03-10 18:24:08,345 - ResourceManager : found templates/mybatis/Entity.mapper.xml.vm with loader org.apache.velocity.runtime.resource.loader.ClasspathResourceLoader
2018-03-10 18:24:08,376 - Null reference [template 'templates/mybatis/Abstract.mapper.xml.vm', line 77, column 31] : ${field} cannot be resolved.
2018-03-10 18:24:08,392 - ResourceManager : found templates/sql/oracle/create.sql.vm with loader org.apache.velocity.runtime.resource.loader.ClasspathResourceLoader
2018-03-10 18:24:08,392 - ResourceManager : found templates/sql/oracle/init-data.sql.vm with loader org.apache.velocity.runtime.resource.loader.ClasspathResourceLoader
2018-03-10 18:24:08,408 - ResourceManager : found templates/test/TestCase.java.vm with loader org.apache.velocity.runtime.resource.loader.ClasspathResourceLoader
2018-03-10 18:24:09,826 - ResourceManager : found templates/entity/Abstract.java.vm with loader org.apache.velocity.runtime.resource.loader.ClasspathResourceLoader
2018-03-10 18:24:09,841 - ResourceManager : found templates/entity/Entity.java.vm with loader org.apache.velocity.runtime.resource.loader.ClasspathResourceLoader
2018-03-10 18:24:09,841 - ResourceManager : found templates/service/Service.java.vm with loader org.apache.velocity.runtime.resource.loader.ClasspathResourceLoader
2018-03-10 18:24:09,872 - Log4JLogChute initialized using file 'velocity.log'
2018-03-10 18:24:09,872 - Initializing Velocity, Calling init()...
2018-03-10 18:24:09,872 - Starting Apache Velocity v1.7 (compiled: 2010-11-19 12:14:37)
2018-03-10 18:24:09,872 - Default Properties File: org\apache\velocity\runtime\defaults\velocity.properties
2018-03-10 18:24:09,872 - Trying to use logger class org.apache.velocity.runtime.log.AvalonLogChute
2018-03-10 18:24:09,872 - Target log system for org.apache.velocity.runtime.log.AvalonLogChute is not available (java.lang.NoClassDefFoundError: org/apache/log/format/Formatter).  Falling back to next log system...
2018-03-10 18:24:09,872 - Trying to use logger class org.apache.velocity.runtime.log.Log4JLogChute
2018-03-10 18:24:09,872 - Using logger class org.apache.velocity.runtime.log.Log4JLogChute
2018-03-10 18:24:09,888 - ResourceManager : found templates/mybatis/Dao.java.vm with loader org.apache.velocity.runtime.resource.loader.ClasspathResourceLoader
2018-03-10 18:24:09,888 - ResourceLoader instantiated: org.apache.velocity.runtime.resource.loader.ClasspathResourceLoader
2018-03-10 18:24:09,951 - ResourceCache: initialized (class org.apache.velocity.runtime.resource.ResourceCacheImpl) with class java.util.Collections$SynchronizedMap cache map.
2018-03-10 18:24:09,951 - ResourceManager : found templates/mybatis/Abstract.mapper.xml.vm with loader org.apache.velocity.runtime.resource.loader.ClasspathResourceLoader
2018-03-10 18:24:09,951 - ResourceManager : found templates/mybatis/Entity.mapper.xml.vm with loader org.apache.velocity.runtime.resource.loader.ClasspathResourceLoader
2018-03-10 18:24:09,951 - Loaded System Directive: org.apache.velocity.runtime.directive.Stop
2018-03-10 18:24:09,951 - Loaded System Directive: org.apache.velocity.runtime.directive.Define
2018-03-10 18:24:09,966 - Loaded System Directive: org.apache.velocity.runtime.directive.Break
2018-03-10 18:24:09,966 - Loaded System Directive: org.apache.velocity.runtime.directive.Evaluate
2018-03-10 18:24:09,966 - Loaded System Directive: org.apache.velocity.runtime.directive.Literal
2018-03-10 18:24:09,966 - Loaded System Directive: org.apache.velocity.runtime.directive.Macro
2018-03-10 18:24:09,966 - Loaded System Directive: org.apache.velocity.runtime.directive.Parse
2018-03-10 18:24:09,966 - Loaded System Directive: org.apache.velocity.runtime.directive.Include
2018-03-10 18:24:09,966 - Loaded System Directive: org.apache.velocity.runtime.directive.Foreach
2018-03-10 18:24:09,982 - Null reference [template 'templates/mybatis/Abstract.mapper.xml.vm', line 77, column 31] : ${field} cannot be resolved.
2018-03-10 18:24:10,009 - ResourceManager : found templates/sql/oracle/create.sql.vm with loader org.apache.velocity.runtime.resource.loader.ClasspathResourceLoader
2018-03-10 18:24:10,009 - ResourceManager : found templates/sql/oracle/init-data.sql.vm with loader org.apache.velocity.runtime.resource.loader.ClasspathResourceLoader
2018-03-10 18:24:10,024 - ResourceManager : found templates/test/TestCase.java.vm with loader org.apache.velocity.runtime.resource.loader.ClasspathResourceLoader
2018-03-10 18:24:10,024 - Created '20' parsers.
2018-03-10 18:24:10,040 - Velocimacro : "velocimacro.library" is not set.  Trying default library: VM_global_library.vm
2018-03-10 18:24:10,040 - Could not load resource 'VM_global_library.vm' from ResourceLoader org.apache.velocity.runtime.resource.loader.ClasspathResourceLoader: ClasspathResourceLoader Error: cannot find resource VM_global_library.vm
2018-03-10 18:24:10,040 - Velocimacro : Default library not found.
2018-03-10 18:24:10,040 - Velocimacro : allowInline = true : VMs can be defined inline in templates
2018-03-10 18:24:10,040 - Velocimacro : allowInlineToOverride = false : VMs defined inline may NOT replace previous VM definitions
2018-03-10 18:24:10,040 - Velocimacro : allowInlineLocal = false : VMs defined inline will be global in scope if allowed.
2018-03-10 18:24:10,040 - Velocimacro : autoload off : VM system will not automatically reload global library macros
2018-03-10 18:24:11,659 - ResourceManager : found templates/entity/Abstract.java.vm with loader org.apache.velocity.runtime.resource.loader.ClasspathResourceLoader
2018-03-10 18:24:11,675 - ResourceManager : found templates/entity/Entity.java.vm with loader org.apache.velocity.runtime.resource.loader.ClasspathResourceLoader
2018-03-10 18:24:11,675 - ResourceManager : found templates/service/Service.java.vm with loader org.apache.velocity.runtime.resource.loader.ClasspathResourceLoader
2018-03-10 18:24:11,675 - ResourceManager : found templates/mybatis/Dao.java.vm with loader org.apache.velocity.runtime.resource.loader.ClasspathResourceLoader
2018-03-10 18:24:11,706 - ResourceManager : found templates/mybatis/Abstract.mapper.xml.vm with loader org.apache.velocity.runtime.resource.loader.ClasspathResourceLoader
2018-03-10 18:24:11,722 - ResourceManager : found templates/mybatis/Entity.mapper.xml.vm with loader org.apache.velocity.runtime.resource.loader.ClasspathResourceLoader
2018-03-10 18:24:11,737 - Null reference [template 'templates/mybatis/Abstract.mapper.xml.vm', line 77, column 31] : ${field} cannot be resolved.
2018-03-10 18:24:11,753 - ResourceManager : found templates/sql/oracle/create.sql.vm with loader org.apache.velocity.runtime.resource.loader.ClasspathResourceLoader
2018-03-10 18:24:11,753 - ResourceManager : found templates/sql/oracle/init-data.sql.vm with loader org.apache.velocity.runtime.resource.loader.ClasspathResourceLoader
2018-03-10 18:24:11,769 - ResourceManager : found templates/test/TestCase.java.vm with loader org.apache.velocity.runtime.resource.loader.ClasspathResourceLoader
2018-03-11 17:59:17,560 - Log4JLogChute initialized using file 'velocity.log'
2018-03-11 17:59:17,560 - Initializing Velocity, Calling init()...
2018-03-11 17:59:17,560 - Starting Apache Velocity v1.7 (compiled: 2010-11-19 12:14:37)
2018-03-11 17:59:17,560 - Default Properties File: org\apache\velocity\runtime\defaults\velocity.properties
2018-03-11 17:59:17,560 - Trying to use logger class org.apache.velocity.runtime.log.AvalonLogChute
2018-03-11 17:59:17,560 - Target log system for org.apache.velocity.runtime.log.AvalonLogChute is not available (java.lang.NoClassDefFoundError: org/apache/log/format/Formatter).  Falling back to next log system...
2018-03-11 17:59:17,560 - Trying to use logger class org.apache.velocity.runtime.log.Log4JLogChute
2018-03-11 17:59:17,560 - Using logger class org.apache.velocity.runtime.log.Log4JLogChute
2018-03-11 17:59:17,560 - ResourceLoader instantiated: org.apache.velocity.runtime.resource.loader.ClasspathResourceLoader
2018-03-11 17:59:17,576 - ResourceCache: initialized (class org.apache.velocity.runtime.resource.ResourceCacheImpl) with class java.util.Collections$SynchronizedMap cache map.
2018-03-11 17:59:17,576 - Loaded System Directive: org.apache.velocity.runtime.directive.Stop
2018-03-11 17:59:17,576 - Loaded System Directive: org.apache.velocity.runtime.directive.Define
2018-03-11 17:59:17,592 - Loaded System Directive: org.apache.velocity.runtime.directive.Break
2018-03-11 17:59:17,592 - Loaded System Directive: org.apache.velocity.runtime.directive.Evaluate
2018-03-11 17:59:17,592 - Loaded System Directive: org.apache.velocity.runtime.directive.Literal
2018-03-11 17:59:17,592 - Loaded System Directive: org.apache.velocity.runtime.directive.Macro
2018-03-11 17:59:17,592 - Loaded System Directive: org.apache.velocity.runtime.directive.Parse
2018-03-11 17:59:17,592 - Loaded System Directive: org.apache.velocity.runtime.directive.Include
2018-03-11 17:59:17,592 - Loaded System Directive: org.apache.velocity.runtime.directive.Foreach
2018-03-11 17:59:17,623 - Created '20' parsers.
2018-03-11 17:59:17,639 - Velocimacro : "velocimacro.library" is not set.  Trying default library: VM_global_library.vm
2018-03-11 17:59:17,639 - Could not load resource 'VM_global_library.vm' from ResourceLoader org.apache.velocity.runtime.resource.loader.ClasspathResourceLoader: ClasspathResourceLoader Error: cannot find resource VM_global_library.vm
2018-03-11 17:59:17,639 - Velocimacro : Default library not found.
2018-03-11 17:59:17,639 - Velocimacro : allowInline = true : VMs can be defined inline in templates
2018-03-11 17:59:17,639 - Velocimacro : allowInlineToOverride = false : VMs defined inline may NOT replace previous VM definitions
2018-03-11 17:59:17,639 - Velocimacro : allowInlineLocal = false : VMs defined inline will be global in scope if allowed.
2018-03-11 17:59:17,639 - Velocimacro : autoload off : VM system will not automatically reload global library macros
2018-03-11 18:00:15,003 - Log4JLogChute initialized using file 'velocity.log'
2018-03-11 18:00:15,003 - Initializing Velocity, Calling init()...
2018-03-11 18:00:15,003 - Starting Apache Velocity v1.7 (compiled: 2010-11-19 12:14:37)
2018-03-11 18:00:15,003 - Default Properties File: org\apache\velocity\runtime\defaults\velocity.properties
2018-03-11 18:00:15,003 - Trying to use logger class org.apache.velocity.runtime.log.AvalonLogChute
2018-03-11 18:00:15,003 - Target log system for org.apache.velocity.runtime.log.AvalonLogChute is not available (java.lang.NoClassDefFoundError: org/apache/log/format/Formatter).  Falling back to next log system...
2018-03-11 18:00:15,003 - Trying to use logger class org.apache.velocity.runtime.log.Log4JLogChute
2018-03-11 18:00:15,003 - Using logger class org.apache.velocity.runtime.log.Log4JLogChute
2018-03-11 18:00:15,003 - ResourceLoader instantiated: org.apache.velocity.runtime.resource.loader.ClasspathResourceLoader
2018-03-11 18:00:15,018 - ResourceCache: initialized (class org.apache.velocity.runtime.resource.ResourceCacheImpl) with class java.util.Collections$SynchronizedMap cache map.
2018-03-11 18:00:15,018 - Loaded System Directive: org.apache.velocity.runtime.directive.Stop
2018-03-11 18:00:15,018 - Loaded System Directive: org.apache.velocity.runtime.directive.Define
2018-03-11 18:00:15,018 - Loaded System Directive: org.apache.velocity.runtime.directive.Break
2018-03-11 18:00:15,034 - Loaded System Directive: org.apache.velocity.runtime.directive.Evaluate
2018-03-11 18:00:15,034 - Loaded System Directive: org.apache.velocity.runtime.directive.Literal
2018-03-11 18:00:15,034 - Loaded System Directive: org.apache.velocity.runtime.directive.Macro
2018-03-11 18:00:15,034 - Loaded System Directive: org.apache.velocity.runtime.directive.Parse
2018-03-11 18:00:15,034 - Loaded System Directive: org.apache.velocity.runtime.directive.Include
2018-03-11 18:00:15,034 - Loaded System Directive: org.apache.velocity.runtime.directive.Foreach
2018-03-11 18:00:15,065 - Created '20' parsers.
2018-03-11 18:00:15,065 - Velocimacro : "velocimacro.library" is not set.  Trying default library: VM_global_library.vm
2018-03-11 18:00:15,081 - Could not load resource 'VM_global_library.vm' from ResourceLoader org.apache.velocity.runtime.resource.loader.ClasspathResourceLoader: ClasspathResourceLoader Error: cannot find resource VM_global_library.vm
2018-03-11 18:00:15,081 - Velocimacro : Default library not found.
2018-03-11 18:00:15,081 - Velocimacro : allowInline = true : VMs can be defined inline in templates
2018-03-11 18:00:15,081 - Velocimacro : allowInlineToOverride = false : VMs defined inline may NOT replace previous VM definitions
2018-03-11 18:00:15,081 - Velocimacro : allowInlineLocal = false : VMs defined inline will be global in scope if allowed.
2018-03-11 18:00:15,081 - Velocimacro : autoload off : VM system will not automatically reload global library macros
2018-03-11 18:00:16,485 - ResourceManager : found templates/entity/Abstract.java.vm with loader org.apache.velocity.runtime.resource.loader.ClasspathResourceLoader
2018-03-11 18:00:16,485 - ResourceManager : found templates/entity/Entity.java.vm with loader org.apache.velocity.runtime.resource.loader.ClasspathResourceLoader
2018-03-11 18:00:16,517 - ResourceManager : found templates/service/Service.java.vm with loader org.apache.velocity.runtime.resource.loader.ClasspathResourceLoader
2018-03-11 18:00:16,532 - ResourceManager : found templates/springmvc/Controller.java.vm with loader org.apache.velocity.runtime.resource.loader.ClasspathResourceLoader
2018-03-11 18:00:16,532 - ResourceManager : found templates/mybatis/Dao.java.vm with loader org.apache.velocity.runtime.resource.loader.ClasspathResourceLoader
2018-03-11 18:00:16,564 - ResourceManager : found templates/mybatis/Abstract.mapper.xml.vm with loader org.apache.velocity.runtime.resource.loader.ClasspathResourceLoader
2018-03-11 18:00:16,564 - ResourceManager : found templates/mybatis/Entity.mapper.xml.vm with loader org.apache.velocity.runtime.resource.loader.ClasspathResourceLoader
2018-03-11 18:00:16,579 - Null reference [template 'templates/mybatis/Abstract.mapper.xml.vm', line 77, column 31] : ${field} cannot be resolved.
2018-03-11 18:00:16,579 - ResourceManager : found templates/web/page.html.vm with loader org.apache.velocity.runtime.resource.loader.ClasspathResourceLoader
2018-03-11 18:00:16,579 - ResourceManager : found templates/web/js/index.js.vm with loader org.apache.velocity.runtime.resource.loader.ClasspathResourceLoader
2018-03-11 18:00:16,595 - ResourceManager : found templates/sql/oracle/create.sql.vm with loader org.apache.velocity.runtime.resource.loader.ClasspathResourceLoader
2018-03-11 18:00:16,595 - ResourceManager : found templates/sql/oracle/init-data.sql.vm with loader org.apache.velocity.runtime.resource.loader.ClasspathResourceLoader
2018-03-11 18:00:16,610 - ResourceManager : found templates/test/TestCase.java.vm with loader org.apache.velocity.runtime.resource.loader.ClasspathResourceLoader
2018-03-26 10:50:28,025 - Log4JLogChute initialized using file 'velocity.log'
2018-03-26 10:50:28,025 - Initializing Velocity, Calling init()...
2018-03-26 10:50:28,025 - Starting Apache Velocity v1.7 (compiled: 2010-11-19 12:14:37)
2018-03-26 10:50:28,025 - Default Properties File: org\apache\velocity\runtime\defaults\velocity.properties
2018-03-26 10:50:28,025 - Trying to use logger class org.apache.velocity.runtime.log.AvalonLogChute
2018-03-26 10:50:28,025 - Target log system for org.apache.velocity.runtime.log.AvalonLogChute is not available (java.lang.NoClassDefFoundError: org/apache/log/format/Formatter).  Falling back to next log system...
2018-03-26 10:50:28,025 - Trying to use logger class org.apache.velocity.runtime.log.Log4JLogChute
2018-03-26 10:50:28,025 - Using logger class org.apache.velocity.runtime.log.Log4JLogChute
2018-03-26 10:50:28,041 - ResourceLoader instantiated: org.apache.velocity.runtime.resource.loader.ClasspathResourceLoader
2018-03-26 10:50:28,072 - ResourceCache: initialized (class org.apache.velocity.runtime.resource.ResourceCacheImpl) with class java.util.Collections$SynchronizedMap cache map.
2018-03-26 10:50:28,088 - Loaded System Directive: org.apache.velocity.runtime.directive.Stop
2018-03-26 10:50:28,088 - Loaded System Directive: org.apache.velocity.runtime.directive.Define
2018-03-26 10:50:28,088 - Loaded System Directive: org.apache.velocity.runtime.directive.Break
2018-03-26 10:50:28,088 - Loaded System Directive: org.apache.velocity.runtime.directive.Evaluate
2018-03-26 10:50:28,088 - Loaded System Directive: org.apache.velocity.runtime.directive.Literal
2018-03-26 10:50:28,088 - Loaded System Directive: org.apache.velocity.runtime.directive.Macro
2018-03-26 10:50:28,088 - Loaded System Directive: org.apache.velocity.runtime.directive.Parse
2018-03-26 10:50:28,103 - Loaded System Directive: org.apache.velocity.runtime.directive.Include
2018-03-26 10:50:28,103 - Loaded System Directive: org.apache.velocity.runtime.directive.Foreach
2018-03-26 10:50:28,150 - Created '20' parsers.
2018-03-26 10:50:28,166 - Velocimacro : "velocimacro.library" is not set.  Trying default library: VM_global_library.vm
2018-03-26 10:50:28,166 - Could not load resource 'VM_global_library.vm' from ResourceLoader org.apache.velocity.runtime.resource.loader.ClasspathResourceLoader: ClasspathResourceLoader Error: cannot find resource VM_global_library.vm
2018-03-26 10:50:28,166 - Velocimacro : Default library not found.
2018-03-26 10:50:28,166 - Velocimacro : allowInline = true : VMs can be defined inline in templates
2018-03-26 10:50:28,166 - Velocimacro : allowInlineToOverride = false : VMs defined inline may NOT replace previous VM definitions
2018-03-26 10:50:28,166 - Velocimacro : allowInlineLocal = false : VMs defined inline will be global in scope if allowed.
2018-03-26 10:50:28,166 - Velocimacro : autoload off : VM system will not automatically reload global library macros
2018-03-26 10:50:29,628 - ResourceManager : found templates/entity/Abstract.java.vm with loader org.apache.velocity.runtime.resource.loader.ClasspathResourceLoader
2018-03-26 10:50:29,628 - ResourceManager : found templates/entity/Entity.java.vm with loader org.apache.velocity.runtime.resource.loader.ClasspathResourceLoader
2018-03-26 10:50:29,644 - ResourceManager : found templates/service/Service.java.vm with loader org.apache.velocity.runtime.resource.loader.ClasspathResourceLoader
2018-03-26 10:50:29,659 - ResourceManager : found templates/springmvc/Controller.java.vm with loader org.apache.velocity.runtime.resource.loader.ClasspathResourceLoader
2018-03-26 10:50:29,659 - ResourceManager : found templates/mybatis/Dao.java.vm with loader org.apache.velocity.runtime.resource.loader.ClasspathResourceLoader
2018-03-26 10:50:29,691 - ResourceManager : found templates/mybatis/Abstract.mapper.xml.vm with loader org.apache.velocity.runtime.resource.loader.ClasspathResourceLoader
2018-03-26 10:50:29,691 - ResourceManager : found templates/mybatis/Entity.mapper.xml.vm with loader org.apache.velocity.runtime.resource.loader.ClasspathResourceLoader
2018-03-26 10:50:29,706 - Null reference [template 'templates/mybatis/Abstract.mapper.xml.vm', line 77, column 31] : ${field} cannot be resolved.
2018-03-26 10:50:29,706 - ResourceManager : found templates/web/page.html.vm with loader org.apache.velocity.runtime.resource.loader.ClasspathResourceLoader
2018-03-26 10:50:29,706 - ResourceManager : found templates/web/js/index.js.vm with loader org.apache.velocity.runtime.resource.loader.ClasspathResourceLoader
2018-03-26 10:50:29,706 - ResourceManager : found templates/sql/oracle/create.sql.vm with loader org.apache.velocity.runtime.resource.loader.ClasspathResourceLoader
2018-03-26 10:50:29,722 - ResourceManager : found templates/sql/oracle/init-data.sql.vm with loader org.apache.velocity.runtime.resource.loader.ClasspathResourceLoader
2018-03-26 10:50:29,722 - ResourceManager : found templates/test/TestCase.java.vm with loader org.apache.velocity.runtime.resource.loader.ClasspathResourceLoader
2018-03-26 10:53:40,927 - Log4JLogChute initialized using file 'velocity.log'
2018-03-26 10:53:40,927 - Initializing Velocity, Calling init()...
2018-03-26 10:53:40,927 - Starting Apache Velocity v1.7 (compiled: 2010-11-19 12:14:37)
2018-03-26 10:53:40,927 - Default Properties File: org\apache\velocity\runtime\defaults\velocity.properties
2018-03-26 10:53:40,927 - Trying to use logger class org.apache.velocity.runtime.log.AvalonLogChute
2018-03-26 10:53:40,927 - Target log system for org.apache.velocity.runtime.log.AvalonLogChute is not available (java.lang.NoClassDefFoundError: org/apache/log/format/Formatter).  Falling back to next log system...
2018-03-26 10:53:40,927 - Trying to use logger class org.apache.velocity.runtime.log.Log4JLogChute
2018-03-26 10:53:40,927 - Using logger class org.apache.velocity.runtime.log.Log4JLogChute
2018-03-26 10:53:40,927 - ResourceLoader instantiated: org.apache.velocity.runtime.resource.loader.ClasspathResourceLoader
2018-03-26 10:53:40,942 - ResourceCache: initialized (class org.apache.velocity.runtime.resource.ResourceCacheImpl) with class java.util.Collections$SynchronizedMap cache map.
2018-03-26 10:53:40,942 - Loaded System Directive: org.apache.velocity.runtime.directive.Stop
2018-03-26 10:53:40,942 - Loaded System Directive: org.apache.velocity.runtime.directive.Define
2018-03-26 10:53:40,942 - Loaded System Directive: org.apache.velocity.runtime.directive.Break
2018-03-26 10:53:40,942 - Loaded System Directive: org.apache.velocity.runtime.directive.Evaluate
2018-03-26 10:53:40,942 - Loaded System Directive: org.apache.velocity.runtime.directive.Literal
2018-03-26 10:53:40,942 - Loaded System Directive: org.apache.velocity.runtime.directive.Macro
2018-03-26 10:53:40,942 - Loaded System Directive: org.apache.velocity.runtime.directive.Parse
2018-03-26 10:53:40,958 - Loaded System Directive: org.apache.velocity.runtime.directive.Include
2018-03-26 10:53:40,958 - Loaded System Directive: org.apache.velocity.runtime.directive.Foreach
2018-03-26 10:53:40,989 - Created '20' parsers.
2018-03-26 10:53:41,005 - Velocimacro : "velocimacro.library" is not set.  Trying default library: VM_global_library.vm
2018-03-26 10:53:41,005 - Could not load resource 'VM_global_library.vm' from ResourceLoader org.apache.velocity.runtime.resource.loader.ClasspathResourceLoader: ClasspathResourceLoader Error: cannot find resource VM_global_library.vm
2018-03-26 10:53:41,005 - Velocimacro : Default library not found.
2018-03-26 10:53:41,005 - Velocimacro : allowInline = true : VMs can be defined inline in templates
2018-03-26 10:53:41,005 - Velocimacro : allowInlineToOverride = false : VMs defined inline may NOT replace previous VM definitions
2018-03-26 10:53:41,005 - Velocimacro : allowInlineLocal = false : VMs defined inline will be global in scope if allowed.
2018-03-26 10:53:41,005 - Velocimacro : autoload off : VM system will not automatically reload global library macros
2018-03-26 10:53:42,553 - ResourceManager : found templates/entity/Abstract.java.vm with loader org.apache.velocity.runtime.resource.loader.ClasspathResourceLoader
2018-03-26 10:53:42,553 - ResourceManager : found templates/entity/Entity.java.vm with loader org.apache.velocity.runtime.resource.loader.ClasspathResourceLoader
2018-03-26 10:53:42,568 - ResourceManager : found templates/service/Service.java.vm with loader org.apache.velocity.runtime.resource.loader.ClasspathResourceLoader
2018-03-26 10:53:42,568 - ResourceManager : found templates/springmvc/Controller.java.vm with loader org.apache.velocity.runtime.resource.loader.ClasspathResourceLoader
2018-03-26 10:53:42,584 - ResourceManager : found templates/mybatis/Dao.java.vm with loader org.apache.velocity.runtime.resource.loader.ClasspathResourceLoader
2018-03-26 10:53:42,599 - ResourceManager : found templates/mybatis/Abstract.mapper.xml.vm with loader org.apache.velocity.runtime.resource.loader.ClasspathResourceLoader
2018-03-26 10:53:42,599 - ResourceManager : found templates/mybatis/Entity.mapper.xml.vm with loader org.apache.velocity.runtime.resource.loader.ClasspathResourceLoader
2018-03-26 10:53:42,615 - Null reference [template 'templates/mybatis/Abstract.mapper.xml.vm', line 77, column 31] : ${field} cannot be resolved.
2018-03-26 10:53:42,631 - ResourceManager : found templates/web/page.html.vm with loader org.apache.velocity.runtime.resource.loader.ClasspathResourceLoader
2018-03-26 10:53:42,631 - ResourceManager : found templates/web/js/index.js.vm with loader org.apache.velocity.runtime.resource.loader.ClasspathResourceLoader
2018-03-26 10:53:42,631 - ResourceManager : found templates/sql/oracle/create.sql.vm with loader org.apache.velocity.runtime.resource.loader.ClasspathResourceLoader
2018-03-26 10:53:42,631 - ResourceManager : found templates/sql/oracle/init-data.sql.vm with loader org.apache.velocity.runtime.resource.loader.ClasspathResourceLoader
2018-03-26 10:53:42,646 - ResourceManager : found templates/test/TestCase.java.vm with loader org.apache.velocity.runtime.resource.loader.ClasspathResourceLoader
2018-03-26 10:54:14,630 - Log4JLogChute initialized using file 'velocity.log'
2018-03-26 10:54:14,630 - Initializing Velocity, Calling init()...
2018-03-26 10:54:14,630 - Starting Apache Velocity v1.7 (compiled: 2010-11-19 12:14:37)
2018-03-26 10:54:14,630 - Default Properties File: org\apache\velocity\runtime\defaults\velocity.properties
2018-03-26 10:54:14,630 - Trying to use logger class org.apache.velocity.runtime.log.AvalonLogChute
2018-03-26 10:54:14,630 - Target log system for org.apache.velocity.runtime.log.AvalonLogChute is not available (java.lang.NoClassDefFoundError: org/apache/log/format/Formatter).  Falling back to next log system...
2018-03-26 10:54:14,630 - Trying to use logger class org.apache.velocity.runtime.log.Log4JLogChute
2018-03-26 10:54:14,630 - Using logger class org.apache.velocity.runtime.log.Log4JLogChute
2018-03-26 10:54:14,646 - ResourceLoader instantiated: org.apache.velocity.runtime.resource.loader.ClasspathResourceLoader
2018-03-26 10:54:14,662 - ResourceCache: initialized (class org.apache.velocity.runtime.resource.ResourceCacheImpl) with class java.util.Collections$SynchronizedMap cache map.
2018-03-26 10:54:14,662 - Loaded System Directive: org.apache.velocity.runtime.directive.Stop
2018-03-26 10:54:14,662 - Loaded System Directive: org.apache.velocity.runtime.directive.Define
2018-03-26 10:54:14,662 - Loaded System Directive: org.apache.velocity.runtime.directive.Break
2018-03-26 10:54:14,662 - Loaded System Directive: org.apache.velocity.runtime.directive.Evaluate
2018-03-26 10:54:14,662 - Loaded System Directive: org.apache.velocity.runtime.directive.Literal
2018-03-26 10:54:14,662 - Loaded System Directive: org.apache.velocity.runtime.directive.Macro
2018-03-26 10:54:14,677 - Loaded System Directive: org.apache.velocity.runtime.directive.Parse
2018-03-26 10:54:14,677 - Loaded System Directive: org.apache.velocity.runtime.directive.Include
2018-03-26 10:54:14,677 - Loaded System Directive: org.apache.velocity.runtime.directive.Foreach
2018-03-26 10:54:14,709 - Created '20' parsers.
2018-03-26 10:54:14,724 - Velocimacro : "velocimacro.library" is not set.  Trying default library: VM_global_library.vm
2018-03-26 10:54:14,724 - Could not load resource 'VM_global_library.vm' from ResourceLoader org.apache.velocity.runtime.resource.loader.ClasspathResourceLoader: ClasspathResourceLoader Error: cannot find resource VM_global_library.vm
2018-03-26 10:54:14,724 - Velocimacro : Default library not found.
2018-03-26 10:54:14,724 - Velocimacro : allowInline = true : VMs can be defined inline in templates
2018-03-26 10:54:14,724 - Velocimacro : allowInlineToOverride = false : VMs defined inline may NOT replace previous VM definitions
2018-03-26 10:54:14,724 - Velocimacro : allowInlineLocal = false : VMs defined inline will be global in scope if allowed.
2018-03-26 10:54:14,724 - Velocimacro : autoload off : VM system will not automatically reload global library macros
2018-03-26 10:54:16,122 - ResourceManager : found templates/entity/Abstract.java.vm with loader org.apache.velocity.runtime.resource.loader.ClasspathResourceLoader
2018-03-26 10:54:16,122 - ResourceManager : found templates/entity/Entity.java.vm with loader org.apache.velocity.runtime.resource.loader.ClasspathResourceLoader
2018-03-26 10:54:16,138 - ResourceManager : found templates/service/Service.java.vm with loader org.apache.velocity.runtime.resource.loader.ClasspathResourceLoader
2018-03-26 10:54:16,154 - ResourceManager : found templates/springmvc/Controller.java.vm with loader org.apache.velocity.runtime.resource.loader.ClasspathResourceLoader
2018-03-26 10:54:16,154 - ResourceManager : found templates/mybatis/Dao.java.vm with loader org.apache.velocity.runtime.resource.loader.ClasspathResourceLoader
2018-03-26 10:54:16,185 - ResourceManager : found templates/mybatis/Abstract.mapper.xml.vm with loader org.apache.velocity.runtime.resource.loader.ClasspathResourceLoader
2018-03-26 10:54:16,185 - ResourceManager : found templates/mybatis/Entity.mapper.xml.vm with loader org.apache.velocity.runtime.resource.loader.ClasspathResourceLoader
2018-03-26 10:54:16,201 - Null reference [template 'templates/mybatis/Abstract.mapper.xml.vm', line 77, column 31] : ${field} cannot be resolved.
2018-03-26 10:54:16,201 - ResourceManager : found templates/web/page.html.vm with loader org.apache.velocity.runtime.resource.loader.ClasspathResourceLoader
2018-03-26 10:54:16,201 - ResourceManager : found templates/web/js/index.js.vm with loader org.apache.velocity.runtime.resource.loader.ClasspathResourceLoader
2018-03-26 10:54:16,216 - ResourceManager : found templates/sql/oracle/create.sql.vm with loader org.apache.velocity.runtime.resource.loader.ClasspathResourceLoader
2018-03-26 10:54:16,216 - ResourceManager : found templates/sql/oracle/init-data.sql.vm with loader org.apache.velocity.runtime.resource.loader.ClasspathResourceLoader
2018-03-26 10:54:16,232 - ResourceManager : found templates/test/TestCase.java.vm with loader org.apache.velocity.runtime.resource.loader.ClasspathResourceLoader
2018-03-26 10:54:44,393 - Log4JLogChute initialized using file 'velocity.log'
2018-03-26 10:54:44,393 - Initializing Velocity, Calling init()...
2018-03-26 10:54:44,393 - Starting Apache Velocity v1.7 (compiled: 2010-11-19 12:14:37)
2018-03-26 10:54:44,393 - Default Properties File: org\apache\velocity\runtime\defaults\velocity.properties
2018-03-26 10:54:44,393 - Trying to use logger class org.apache.velocity.runtime.log.AvalonLogChute
2018-03-26 10:54:44,393 - Target log system for org.apache.velocity.runtime.log.AvalonLogChute is not available (java.lang.NoClassDefFoundError: org/apache/log/format/Formatter).  Falling back to next log system...
2018-03-26 10:54:44,393 - Trying to use logger class org.apache.velocity.runtime.log.Log4JLogChute
2018-03-26 10:54:44,393 - Using logger class org.apache.velocity.runtime.log.Log4JLogChute
2018-03-26 10:54:44,393 - ResourceLoader instantiated: org.apache.velocity.runtime.resource.loader.ClasspathResourceLoader
2018-03-26 10:54:44,409 - ResourceCache: initialized (class org.apache.velocity.runtime.resource.ResourceCacheImpl) with class java.util.Collections$SynchronizedMap cache map.
2018-03-26 10:54:44,409 - Loaded System Directive: org.apache.velocity.runtime.directive.Stop
2018-03-26 10:54:44,424 - Loaded System Directive: org.apache.velocity.runtime.directive.Define
2018-03-26 10:54:44,424 - Loaded System Directive: org.apache.velocity.runtime.directive.Break
2018-03-26 10:54:44,424 - Loaded System Directive: org.apache.velocity.runtime.directive.Evaluate
2018-03-26 10:54:44,424 - Loaded System Directive: org.apache.velocity.runtime.directive.Literal
2018-03-26 10:54:44,424 - Loaded System Directive: org.apache.velocity.runtime.directive.Macro
2018-03-26 10:54:44,424 - Loaded System Directive: org.apache.velocity.runtime.directive.Parse
2018-03-26 10:54:44,424 - Loaded System Directive: org.apache.velocity.runtime.directive.Include
2018-03-26 10:54:44,424 - Loaded System Directive: org.apache.velocity.runtime.directive.Foreach
2018-03-26 10:54:44,471 - Created '20' parsers.
2018-03-26 10:54:44,471 - Velocimacro : "velocimacro.library" is not set.  Trying default library: VM_global_library.vm
2018-03-26 10:54:44,471 - Could not load resource 'VM_global_library.vm' from ResourceLoader org.apache.velocity.runtime.resource.loader.ClasspathResourceLoader: ClasspathResourceLoader Error: cannot find resource VM_global_library.vm
2018-03-26 10:54:44,471 - Velocimacro : Default library not found.
2018-03-26 10:54:44,471 - Velocimacro : allowInline = true : VMs can be defined inline in templates
2018-03-26 10:54:44,471 - Velocimacro : allowInlineToOverride = false : VMs defined inline may NOT replace previous VM definitions
2018-03-26 10:54:44,471 - Velocimacro : allowInlineLocal = false : VMs defined inline will be global in scope if allowed.
2018-03-26 10:54:44,471 - Velocimacro : autoload off : VM system will not automatically reload global library macros
2018-03-26 10:54:45,619 - ResourceManager : found templates/entity/Abstract.java.vm with loader org.apache.velocity.runtime.resource.loader.ClasspathResourceLoader
2018-03-26 10:54:45,634 - ResourceManager : found templates/entity/Entity.java.vm with loader org.apache.velocity.runtime.resource.loader.ClasspathResourceLoader
2018-03-26 10:54:45,666 - ResourceManager : found templates/service/Service.java.vm with loader org.apache.velocity.runtime.resource.loader.ClasspathResourceLoader
2018-03-26 10:54:45,681 - ResourceManager : found templates/springmvc/Controller.java.vm with loader org.apache.velocity.runtime.resource.loader.ClasspathResourceLoader
2018-03-26 10:54:45,681 - ResourceManager : found templates/mybatis/Dao.java.vm with loader org.apache.velocity.runtime.resource.loader.ClasspathResourceLoader
2018-03-26 10:54:45,713 - ResourceManager : found templates/mybatis/Abstract.mapper.xml.vm with loader org.apache.velocity.runtime.resource.loader.ClasspathResourceLoader
2018-03-26 10:54:45,713 - ResourceManager : found templates/mybatis/Entity.mapper.xml.vm with loader org.apache.velocity.runtime.resource.loader.ClasspathResourceLoader
2018-03-26 10:54:45,728 - Null reference [template 'templates/mybatis/Abstract.mapper.xml.vm', line 77, column 31] : ${field} cannot be resolved.
2018-03-26 10:54:45,744 - ResourceManager : found templates/web/page.html.vm with loader org.apache.velocity.runtime.resource.loader.ClasspathResourceLoader
2018-03-26 10:54:45,744 - ResourceManager : found templates/web/js/index.js.vm with loader org.apache.velocity.runtime.resource.loader.ClasspathResourceLoader
2018-03-26 10:54:45,744 - ResourceManager : found templates/sql/oracle/create.sql.vm with loader org.apache.velocity.runtime.resource.loader.ClasspathResourceLoader
2018-03-26 10:54:45,759 - ResourceManager : found templates/sql/oracle/init-data.sql.vm with loader org.apache.velocity.runtime.resource.loader.ClasspathResourceLoader
2018-03-26 10:54:45,759 - ResourceManager : found templates/test/TestCase.java.vm with loader org.apache.velocity.runtime.resource.loader.ClasspathResourceLoader
2018-03-26 11:59:54,019 - Log4JLogChute initialized using file 'velocity.log'
2018-03-26 11:59:54,020 - Initializing Velocity, Calling init()...
2018-03-26 11:59:54,020 - Starting Apache Velocity v1.7 (compiled: 2010-11-19 12:14:37)
2018-03-26 11:59:54,020 - Default Properties File: org\apache\velocity\runtime\defaults\velocity.properties
2018-03-26 11:59:54,020 - Trying to use logger class org.apache.velocity.runtime.log.AvalonLogChute
2018-03-26 11:59:54,020 - Target log system for org.apache.velocity.runtime.log.AvalonLogChute is not available (java.lang.NoClassDefFoundError: org/apache/log/format/Formatter).  Falling back to next log system...
2018-03-26 11:59:54,020 - Trying to use logger class org.apache.velocity.runtime.log.Log4JLogChute
2018-03-26 11:59:54,020 - Using logger class org.apache.velocity.runtime.log.Log4JLogChute
2018-03-26 11:59:54,024 - ResourceLoader instantiated: org.apache.velocity.runtime.resource.loader.ClasspathResourceLoader
2018-03-26 11:59:54,038 - ResourceCache: initialized (class org.apache.velocity.runtime.resource.ResourceCacheImpl) with class java.util.Collections$SynchronizedMap cache map.
2018-03-26 11:59:54,040 - Loaded System Directive: org.apache.velocity.runtime.directive.Stop
2018-03-26 11:59:54,042 - Loaded System Directive: org.apache.velocity.runtime.directive.Define
2018-03-26 11:59:54,043 - Loaded System Directive: org.apache.velocity.runtime.directive.Break
2018-03-26 11:59:54,044 - Loaded System Directive: org.apache.velocity.runtime.directive.Evaluate
2018-03-26 11:59:54,045 - Loaded System Directive: org.apache.velocity.runtime.directive.Literal
2018-03-26 11:59:54,047 - Loaded System Directive: org.apache.velocity.runtime.directive.Macro
2018-03-26 11:59:54,048 - Loaded System Directive: org.apache.velocity.runtime.directive.Parse
2018-03-26 11:59:54,050 - Loaded System Directive: org.apache.velocity.runtime.directive.Include
2018-03-26 11:59:54,051 - Loaded System Directive: org.apache.velocity.runtime.directive.Foreach
2018-03-26 11:59:54,087 - Created '20' parsers.
2018-03-26 11:59:54,095 - Velocimacro : "velocimacro.library" is not set.  Trying default library: VM_global_library.vm
2018-03-26 11:59:54,096 - Could not load resource 'VM_global_library.vm' from ResourceLoader org.apache.velocity.runtime.resource.loader.ClasspathResourceLoader: ClasspathResourceLoader Error: cannot find resource VM_global_library.vm
2018-03-26 11:59:54,096 - Velocimacro : Default library not found.
2018-03-26 11:59:54,096 - Velocimacro : allowInline = true : VMs can be defined inline in templates
2018-03-26 11:59:54,096 - Velocimacro : allowInlineToOverride = false : VMs defined inline may NOT replace previous VM definitions
2018-03-26 11:59:54,096 - Velocimacro : allowInlineLocal = false : VMs defined inline will be global in scope if allowed.
2018-03-26 11:59:54,096 - Velocimacro : autoload off : VM system will not automatically reload global library macros
2018-03-26 11:59:55,175 - ResourceManager : found templates/entity/Abstract.java.vm with loader org.apache.velocity.runtime.resource.loader.ClasspathResourceLoader
2018-03-26 11:59:55,177 - ResourceManager : found templates/entity/Entity.java.vm with loader org.apache.velocity.runtime.resource.loader.ClasspathResourceLoader
2018-03-26 11:59:55,180 - ResourceManager : found templates/service/Service.java.vm with loader org.apache.velocity.runtime.resource.loader.ClasspathResourceLoader
2018-03-26 11:59:55,186 - ResourceManager : found templates/mybatis/Dao.java.vm with loader org.apache.velocity.runtime.resource.loader.ClasspathResourceLoader
2018-03-26 11:59:55,215 - ResourceManager : found templates/mybatis/Abstract.mapper.xml.vm with loader org.apache.velocity.runtime.resource.loader.ClasspathResourceLoader
2018-03-26 11:59:55,215 - ResourceManager : found templates/mybatis/Entity.mapper.xml.vm with loader org.apache.velocity.runtime.resource.loader.ClasspathResourceLoader
2018-03-26 11:59:55,247 - Null reference [template 'templates/mybatis/Abstract.mapper.xml.vm', line 77, column 31] : ${field} cannot be resolved.
2018-03-26 11:59:55,259 - ResourceManager : found templates/web/page.html.vm with loader org.apache.velocity.runtime.resource.loader.ClasspathResourceLoader
2018-03-26 11:59:55,260 - ResourceManager : found templates/web/js/index.js.vm with loader org.apache.velocity.runtime.resource.loader.ClasspathResourceLoader
2018-03-26 11:59:55,264 - ResourceManager : found templates/sql/oracle/create.sql.vm with loader org.apache.velocity.runtime.resource.loader.ClasspathResourceLoader
2018-03-26 11:59:55,268 - ResourceManager : found templates/sql/oracle/init-data.sql.vm with loader org.apache.velocity.runtime.resource.loader.ClasspathResourceLoader
2018-03-26 11:59:55,285 - ResourceManager : found templates/test/TestCase.java.vm with loader org.apache.velocity.runtime.resource.loader.ClasspathResourceLoader
2018-03-26 15:41:24,464 - Log4JLogChute initialized using file 'velocity.log'
2018-03-26 15:41:24,465 - Initializing Velocity, Calling init()...
2018-03-26 15:41:24,465 - Starting Apache Velocity v1.7 (compiled: 2010-11-19 12:14:37)
2018-03-26 15:41:24,465 - Default Properties File: org\apache\velocity\runtime\defaults\velocity.properties
2018-03-26 15:41:24,465 - Trying to use logger class org.apache.velocity.runtime.log.AvalonLogChute
2018-03-26 15:41:24,465 - Target log system for org.apache.velocity.runtime.log.AvalonLogChute is not available (java.lang.NoClassDefFoundError: org/apache/log/format/Formatter).  Falling back to next log system...
2018-03-26 15:41:24,465 - Trying to use logger class org.apache.velocity.runtime.log.Log4JLogChute
2018-03-26 15:41:24,465 - Using logger class org.apache.velocity.runtime.log.Log4JLogChute
2018-03-26 15:41:24,468 - ResourceLoader instantiated: org.apache.velocity.runtime.resource.loader.ClasspathResourceLoader
2018-03-26 15:41:24,482 - ResourceCache: initialized (class org.apache.velocity.runtime.resource.ResourceCacheImpl) with class java.util.Collections$SynchronizedMap cache map.
2018-03-26 15:41:24,484 - Loaded System Directive: org.apache.velocity.runtime.directive.Stop
2018-03-26 15:41:24,486 - Loaded System Directive: org.apache.velocity.runtime.directive.Define
2018-03-26 15:41:24,487 - Loaded System Directive: org.apache.velocity.runtime.directive.Break
2018-03-26 15:41:24,488 - Loaded System Directive: org.apache.velocity.runtime.directive.Evaluate
2018-03-26 15:41:24,489 - Loaded System Directive: org.apache.velocity.runtime.directive.Literal
2018-03-26 15:41:24,490 - Loaded System Directive: org.apache.velocity.runtime.directive.Macro
2018-03-26 15:41:24,492 - Loaded System Directive: org.apache.velocity.runtime.directive.Parse
2018-03-26 15:41:24,494 - Loaded System Directive: org.apache.velocity.runtime.directive.Include
2018-03-26 15:41:24,495 - Loaded System Directive: org.apache.velocity.runtime.directive.Foreach
2018-03-26 15:41:24,522 - Created '20' parsers.
2018-03-26 15:41:24,529 - Velocimacro : "velocimacro.library" is not set.  Trying default library: VM_global_library.vm
2018-03-26 15:41:24,529 - Could not load resource 'VM_global_library.vm' from ResourceLoader org.apache.velocity.runtime.resource.loader.ClasspathResourceLoader: ClasspathResourceLoader Error: cannot find resource VM_global_library.vm
2018-03-26 15:41:24,529 - Velocimacro : Default library not found.
2018-03-26 15:41:24,529 - Velocimacro : allowInline = true : VMs can be defined inline in templates
2018-03-26 15:41:24,529 - Velocimacro : allowInlineToOverride = false : VMs defined inline may NOT replace previous VM definitions
2018-03-26 15:41:24,529 - Velocimacro : allowInlineLocal = false : VMs defined inline will be global in scope if allowed.
2018-03-26 15:41:24,530 - Velocimacro : autoload off : VM system will not automatically reload global library macros
2018-03-26 15:41:26,439 - ResourceManager : found templates/entity/Abstract.java.vm with loader org.apache.velocity.runtime.resource.loader.ClasspathResourceLoader
2018-03-26 15:41:26,441 - ResourceManager : found templates/entity/Entity.java.vm with loader org.apache.velocity.runtime.resource.loader.ClasspathResourceLoader
2018-03-26 15:41:26,443 - ResourceManager : found templates/service/Service.java.vm with loader org.apache.velocity.runtime.resource.loader.ClasspathResourceLoader
2018-03-26 15:41:26,453 - ResourceManager : found templates/mybatis/Dao.java.vm with loader org.apache.velocity.runtime.resource.loader.ClasspathResourceLoader
2018-03-26 15:41:26,480 - ResourceManager : found templates/mybatis/Abstract.mapper.xml.vm with loader org.apache.velocity.runtime.resource.loader.ClasspathResourceLoader
2018-03-26 15:41:26,481 - ResourceManager : found templates/mybatis/Entity.mapper.xml.vm with loader org.apache.velocity.runtime.resource.loader.ClasspathResourceLoader
2018-03-26 15:41:26,506 - Null reference [template 'templates/mybatis/Abstract.mapper.xml.vm', line 77, column 31] : ${field} cannot be resolved.
2018-03-26 15:41:26,517 - ResourceManager : found templates/web/page.html.vm with loader org.apache.velocity.runtime.resource.loader.ClasspathResourceLoader
2018-03-26 15:41:26,518 - ResourceManager : found templates/web/js/index.js.vm with loader org.apache.velocity.runtime.resource.loader.ClasspathResourceLoader
2018-03-26 15:41:26,522 - ResourceManager : found templates/sql/oracle/create.sql.vm with loader org.apache.velocity.runtime.resource.loader.ClasspathResourceLoader
2018-03-26 15:41:26,525 - ResourceManager : found templates/sql/oracle/init-data.sql.vm with loader org.apache.velocity.runtime.resource.loader.ClasspathResourceLoader
2018-03-26 15:41:26,538 - ResourceManager : found templates/test/TestCase.java.vm with loader org.apache.velocity.runtime.resource.loader.ClasspathResourceLoader
2018-03-26 18:02:50,665 - Log4JLogChute initialized using file 'velocity.log'
2018-03-26 18:02:50,666 - Initializing Velocity, Calling init()...
2018-03-26 18:02:50,666 - Starting Apache Velocity v1.7 (compiled: 2010-11-19 12:14:37)
2018-03-26 18:02:50,666 - Default Properties File: org\apache\velocity\runtime\defaults\velocity.properties
2018-03-26 18:02:50,666 - Trying to use logger class org.apache.velocity.runtime.log.AvalonLogChute
2018-03-26 18:02:50,666 - Target log system for org.apache.velocity.runtime.log.AvalonLogChute is not available (java.lang.NoClassDefFoundError: org/apache/log/format/Formatter).  Falling back to next log system...
2018-03-26 18:02:50,666 - Trying to use logger class org.apache.velocity.runtime.log.Log4JLogChute
2018-03-26 18:02:50,666 - Using logger class org.apache.velocity.runtime.log.Log4JLogChute
2018-03-26 18:02:50,669 - ResourceLoader instantiated: org.apache.velocity.runtime.resource.loader.ClasspathResourceLoader
2018-03-26 18:02:50,683 - ResourceCache: initialized (class org.apache.velocity.runtime.resource.ResourceCacheImpl) with class java.util.Collections$SynchronizedMap cache map.
2018-03-26 18:02:50,685 - Loaded System Directive: org.apache.velocity.runtime.directive.Stop
2018-03-26 18:02:50,687 - Loaded System Directive: org.apache.velocity.runtime.directive.Define
2018-03-26 18:02:50,688 - Loaded System Directive: org.apache.velocity.runtime.directive.Break
2018-03-26 18:02:50,689 - Loaded System Directive: org.apache.velocity.runtime.directive.Evaluate
2018-03-26 18:02:50,690 - Loaded System Directive: org.apache.velocity.runtime.directive.Literal
2018-03-26 18:02:50,692 - Loaded System Directive: org.apache.velocity.runtime.directive.Macro
2018-03-26 18:02:50,693 - Loaded System Directive: org.apache.velocity.runtime.directive.Parse
2018-03-26 18:02:50,694 - Loaded System Directive: org.apache.velocity.runtime.directive.Include
2018-03-26 18:02:50,695 - Loaded System Directive: org.apache.velocity.runtime.directive.Foreach
2018-03-26 18:02:50,724 - Created '20' parsers.
2018-03-26 18:02:50,731 - Velocimacro : "velocimacro.library" is not set.  Trying default library: VM_global_library.vm
2018-03-26 18:02:50,732 - Could not load resource 'VM_global_library.vm' from ResourceLoader org.apache.velocity.runtime.resource.loader.ClasspathResourceLoader: ClasspathResourceLoader Error: cannot find resource VM_global_library.vm
2018-03-26 18:02:50,732 - Velocimacro : Default library not found.
2018-03-26 18:02:50,732 - Velocimacro : allowInline = true : VMs can be defined inline in templates
2018-03-26 18:02:50,732 - Velocimacro : allowInlineToOverride = false : VMs defined inline may NOT replace previous VM definitions
2018-03-26 18:02:50,732 - Velocimacro : allowInlineLocal = false : VMs defined inline will be global in scope if allowed.
2018-03-26 18:02:50,732 - Velocimacro : autoload off : VM system will not automatically reload global library macros
2018-03-26 18:02:52,308 - ResourceManager : found templates/entity/Abstract.java.vm with loader org.apache.velocity.runtime.resource.loader.ClasspathResourceLoader
2018-03-26 18:02:52,310 - ResourceManager : found templates/entity/Entity.java.vm with loader org.apache.velocity.runtime.resource.loader.ClasspathResourceLoader
2018-03-26 18:02:52,312 - ResourceManager : found templates/service/Service.java.vm with loader org.apache.velocity.runtime.resource.loader.ClasspathResourceLoader
2018-03-26 18:02:52,318 - ResourceManager : found templates/mybatis/Dao.java.vm with loader org.apache.velocity.runtime.resource.loader.ClasspathResourceLoader
2018-03-26 18:02:52,343 - ResourceManager : found templates/mybatis/Abstract.mapper.xml.vm with loader org.apache.velocity.runtime.resource.loader.ClasspathResourceLoader
2018-03-26 18:02:52,344 - ResourceManager : found templates/mybatis/Entity.mapper.xml.vm with loader org.apache.velocity.runtime.resource.loader.ClasspathResourceLoader
2018-03-26 18:02:52,369 - Null reference [template 'templates/mybatis/Abstract.mapper.xml.vm', line 77, column 31] : ${field} cannot be resolved.
2018-03-26 18:02:52,380 - ResourceManager : found templates/web/page.html.vm with loader org.apache.velocity.runtime.resource.loader.ClasspathResourceLoader
2018-03-26 18:02:52,381 - ResourceManager : found templates/web/js/index.js.vm with loader org.apache.velocity.runtime.resource.loader.ClasspathResourceLoader
2018-03-26 18:02:52,384 - ResourceManager : found templates/sql/oracle/create.sql.vm with loader org.apache.velocity.runtime.resource.loader.ClasspathResourceLoader
2018-03-26 18:02:52,386 - ResourceManager : found templates/sql/oracle/init-data.sql.vm with loader org.apache.velocity.runtime.resource.loader.ClasspathResourceLoader
2018-03-26 18:02:52,398 - ResourceManager : found templates/test/TestCase.java.vm with loader org.apache.velocity.runtime.resource.loader.ClasspathResourceLoader
2018-03-26 18:05:15,574 - Log4JLogChute initialized using file 'velocity.log'
2018-03-26 18:05:15,575 - Initializing Velocity, Calling init()...
2018-03-26 18:05:15,575 - Starting Apache Velocity v1.7 (compiled: 2010-11-19 12:14:37)
2018-03-26 18:05:15,575 - Default Properties File: org\apache\velocity\runtime\defaults\velocity.properties
2018-03-26 18:05:15,575 - Trying to use logger class org.apache.velocity.runtime.log.AvalonLogChute
2018-03-26 18:05:15,575 - Target log system for org.apache.velocity.runtime.log.AvalonLogChute is not available (java.lang.NoClassDefFoundError: org/apache/log/format/Formatter).  Falling back to next log system...
2018-03-26 18:05:15,575 - Trying to use logger class org.apache.velocity.runtime.log.Log4JLogChute
2018-03-26 18:05:15,575 - Using logger class org.apache.velocity.runtime.log.Log4JLogChute
2018-03-26 18:05:15,579 - ResourceLoader instantiated: org.apache.velocity.runtime.resource.loader.ClasspathResourceLoader
2018-03-26 18:05:15,596 - ResourceCache: initialized (class org.apache.velocity.runtime.resource.ResourceCacheImpl) with class java.util.Collections$SynchronizedMap cache map.
2018-03-26 18:05:15,599 - Loaded System Directive: org.apache.velocity.runtime.directive.Stop
2018-03-26 18:05:15,602 - Loaded System Directive: org.apache.velocity.runtime.directive.Define
2018-03-26 18:05:15,603 - Loaded System Directive: org.apache.velocity.runtime.directive.Break
2018-03-26 18:05:15,604 - Loaded System Directive: org.apache.velocity.runtime.directive.Evaluate
2018-03-26 18:05:15,606 - Loaded System Directive: org.apache.velocity.runtime.directive.Literal
2018-03-26 18:05:15,608 - Loaded System Directive: org.apache.velocity.runtime.directive.Macro
2018-03-26 18:05:15,609 - Loaded System Directive: org.apache.velocity.runtime.directive.Parse
2018-03-26 18:05:15,611 - Loaded System Directive: org.apache.velocity.runtime.directive.Include
2018-03-26 18:05:15,613 - Loaded System Directive: org.apache.velocity.runtime.directive.Foreach
2018-03-26 18:05:15,686 - Created '20' parsers.
2018-03-26 18:05:15,693 - Velocimacro : "velocimacro.library" is not set.  Trying default library: VM_global_library.vm
2018-03-26 18:05:15,694 - Could not load resource 'VM_global_library.vm' from ResourceLoader org.apache.velocity.runtime.resource.loader.ClasspathResourceLoader: ClasspathResourceLoader Error: cannot find resource VM_global_library.vm
2018-03-26 18:05:15,694 - Velocimacro : Default library not found.
2018-03-26 18:05:15,694 - Velocimacro : allowInline = true : VMs can be defined inline in templates
2018-03-26 18:05:15,694 - Velocimacro : allowInlineToOverride = false : VMs defined inline may NOT replace previous VM definitions
2018-03-26 18:05:15,694 - Velocimacro : allowInlineLocal = false : VMs defined inline will be global in scope if allowed.
2018-03-26 18:05:15,694 - Velocimacro : autoload off : VM system will not automatically reload global library macros
2018-03-26 18:05:17,655 - ResourceManager : found templates/entity/Abstract.java.vm with loader org.apache.velocity.runtime.resource.loader.ClasspathResourceLoader
2018-03-26 18:05:17,657 - ResourceManager : found templates/entity/Entity.java.vm with loader org.apache.velocity.runtime.resource.loader.ClasspathResourceLoader
2018-03-26 18:05:17,659 - ResourceManager : found templates/service/Service.java.vm with loader org.apache.velocity.runtime.resource.loader.ClasspathResourceLoader
2018-03-26 18:05:17,669 - ResourceManager : found templates/mybatis/Dao.java.vm with loader org.apache.velocity.runtime.resource.loader.ClasspathResourceLoader
2018-03-26 18:05:17,706 - ResourceManager : found templates/mybatis/Abstract.mapper.xml.vm with loader org.apache.velocity.runtime.resource.loader.ClasspathResourceLoader
2018-03-26 18:05:17,707 - ResourceManager : found templates/mybatis/Entity.mapper.xml.vm with loader org.apache.velocity.runtime.resource.loader.ClasspathResourceLoader
2018-03-26 18:05:17,746 - Null reference [template 'templates/mybatis/Abstract.mapper.xml.vm', line 77, column 31] : ${field} cannot be resolved.
2018-03-26 18:05:17,792 - ResourceManager : found templates/web/page.html.vm with loader org.apache.velocity.runtime.resource.loader.ClasspathResourceLoader
2018-03-26 18:05:17,793 - ResourceManager : found templates/web/js/index.js.vm with loader org.apache.velocity.runtime.resource.loader.ClasspathResourceLoader
2018-03-26 18:05:17,810 - ResourceManager : found templates/sql/oracle/create.sql.vm with loader org.apache.velocity.runtime.resource.loader.ClasspathResourceLoader
2018-03-26 18:05:17,814 - ResourceManager : found templates/sql/oracle/init-data.sql.vm with loader org.apache.velocity.runtime.resource.loader.ClasspathResourceLoader
2018-03-26 18:05:17,832 - ResourceManager : found templates/test/TestCase.java.vm with loader org.apache.velocity.runtime.resource.loader.ClasspathResourceLoader
2018-03-26 18:09:24,051 - Log4JLogChute initialized using file 'velocity.log'
2018-03-26 18:09:24,052 - Initializing Velocity, Calling init()...
2018-03-26 18:09:24,052 - Starting Apache Velocity v1.7 (compiled: 2010-11-19 12:14:37)
2018-03-26 18:09:24,052 - Default Properties File: org\apache\velocity\runtime\defaults\velocity.properties
2018-03-26 18:09:24,052 - Trying to use logger class org.apache.velocity.runtime.log.AvalonLogChute
2018-03-26 18:09:24,052 - Target log system for org.apache.velocity.runtime.log.AvalonLogChute is not available (java.lang.NoClassDefFoundError: org/apache/log/format/Formatter).  Falling back to next log system...
2018-03-26 18:09:24,052 - Trying to use logger class org.apache.velocity.runtime.log.Log4JLogChute
2018-03-26 18:09:24,052 - Using logger class org.apache.velocity.runtime.log.Log4JLogChute
2018-03-26 18:09:24,057 - ResourceLoader instantiated: org.apache.velocity.runtime.resource.loader.ClasspathResourceLoader
2018-03-26 18:09:24,074 - ResourceCache: initialized (class org.apache.velocity.runtime.resource.ResourceCacheImpl) with class java.util.Collections$SynchronizedMap cache map.
2018-03-26 18:09:24,077 - Loaded System Directive: org.apache.velocity.runtime.directive.Stop
2018-03-26 18:09:24,078 - Loaded System Directive: org.apache.velocity.runtime.directive.Define
2018-03-26 18:09:24,079 - Loaded System Directive: org.apache.velocity.runtime.directive.Break
2018-03-26 18:09:24,081 - Loaded System Directive: org.apache.velocity.runtime.directive.Evaluate
2018-03-26 18:09:24,081 - Loaded System Directive: org.apache.velocity.runtime.directive.Literal
2018-03-26 18:09:24,083 - Loaded System Directive: org.apache.velocity.runtime.directive.Macro
2018-03-26 18:09:24,085 - Loaded System Directive: org.apache.velocity.runtime.directive.Parse
2018-03-26 18:09:24,086 - Loaded System Directive: org.apache.velocity.runtime.directive.Include
2018-03-26 18:09:24,088 - Loaded System Directive: org.apache.velocity.runtime.directive.Foreach
2018-03-26 18:09:24,125 - Created '20' parsers.
2018-03-26 18:09:24,132 - Velocimacro : "velocimacro.library" is not set.  Trying default library: VM_global_library.vm
2018-03-26 18:09:24,132 - Could not load resource 'VM_global_library.vm' from ResourceLoader org.apache.velocity.runtime.resource.loader.ClasspathResourceLoader: ClasspathResourceLoader Error: cannot find resource VM_global_library.vm
2018-03-26 18:09:24,133 - Velocimacro : Default library not found.
2018-03-26 18:09:24,133 - Velocimacro : allowInline = true : VMs can be defined inline in templates
2018-03-26 18:09:24,133 - Velocimacro : allowInlineToOverride = false : VMs defined inline may NOT replace previous VM definitions
2018-03-26 18:09:24,133 - Velocimacro : allowInlineLocal = false : VMs defined inline will be global in scope if allowed.
2018-03-26 18:09:24,133 - Velocimacro : autoload off : VM system will not automatically reload global library macros
2018-03-26 18:09:25,252 - ResourceManager : found templates/entity/Abstract.java.vm with loader org.apache.velocity.runtime.resource.loader.ClasspathResourceLoader
2018-03-26 18:09:25,253 - ResourceManager : found templates/entity/Entity.java.vm with loader org.apache.velocity.runtime.resource.loader.ClasspathResourceLoader
2018-03-26 18:09:25,256 - ResourceManager : found templates/service/Service.java.vm with loader org.apache.velocity.runtime.resource.loader.ClasspathResourceLoader
2018-03-26 18:09:25,263 - ResourceManager : found templates/mybatis/Dao.java.vm with loader org.apache.velocity.runtime.resource.loader.ClasspathResourceLoader
2018-03-26 18:09:25,287 - ResourceManager : found templates/mybatis/Abstract.mapper.xml.vm with loader org.apache.velocity.runtime.resource.loader.ClasspathResourceLoader
2018-03-26 18:09:25,288 - ResourceManager : found templates/mybatis/Entity.mapper.xml.vm with loader org.apache.velocity.runtime.resource.loader.ClasspathResourceLoader
2018-03-26 18:09:25,321 - Null reference [template 'templates/mybatis/Abstract.mapper.xml.vm', line 77, column 31] : ${field} cannot be resolved.
2018-03-26 18:09:25,332 - ResourceManager : found templates/web/page.html.vm with loader org.apache.velocity.runtime.resource.loader.ClasspathResourceLoader
2018-03-26 18:09:25,333 - ResourceManager : found templates/web/js/index.js.vm with loader org.apache.velocity.runtime.resource.loader.ClasspathResourceLoader
2018-03-26 18:09:25,336 - ResourceManager : found templates/sql/oracle/create.sql.vm with loader org.apache.velocity.runtime.resource.loader.ClasspathResourceLoader
2018-03-26 18:09:25,339 - ResourceManager : found templates/sql/oracle/init-data.sql.vm with loader org.apache.velocity.runtime.resource.loader.ClasspathResourceLoader
2018-03-26 18:09:25,353 - ResourceManager : found templates/test/TestCase.java.vm with loader org.apache.velocity.runtime.resource.loader.ClasspathResourceLoader
